<?xml version="1.0" encoding="UTF-8"?>
<!-- Generated by org.testng.reporters.JUnitXMLReporter -->
<testsuite hostname="LAPTOP-S7S335L6" ignored="0" name="CreateCustomExamPreparationSession" tests="2" failures="0" timestamp="04 Jun 2019 23:03:28 GMT" time="36.987" errors="0">
  <testcase name="login" time="5.53" classname="com.amboss.qaassignment.CreateExamPreparationSession"/>
  <testcase name="newExamPreparationSession" time="16.671" classname="com.amboss.qaassignment.CreateExamPreparationSession"/>
</testsuite> <!-- CreateCustomExamPreparationSession -->
