<?xml version="1.0" encoding="UTF-8"?>
<!-- Generated by org.testng.reporters.JUnitXMLReporter -->
<testsuite hostname="LAPTOP-S7S335L6" ignored="2" name="CreateSession" tests="0" failures="0" timestamp="05 Jun 2019 19:28:10 GMT" time="0.001" errors="0">
  <testcase name="login" time="0.0" classname="com.amboss.qaassignment.CustomSession">
    <ignored/>
  </testcase> <!-- login -->
  <testcase name="newExamPreparationSession" time="0.0" classname="com.amboss.qaassignment.CustomSession">
    <ignored/>
  </testcase> <!-- newExamPreparationSession -->
</testsuite> <!-- CreateSession -->
