<?xml version="1.0" encoding="UTF-8"?>
<!-- Generated by org.testng.reporters.JUnitXMLReporter -->
<testsuite hostname="LAPTOP-S7S335L6" ignored="0" name="CreateCustomExamPreparationSession" tests="2" failures="0" timestamp="05 Jun 2019 18:29:31 GMT" time="36.832" errors="0">
  <testcase name="login" time="5.747" classname="com.amboss.qaassignment.CreateExamPreparationSession"/>
  <testcase name="newExamPreparationSession" time="17.475" classname="com.amboss.qaassignment.CreateExamPreparationSession"/>
</testsuite> <!-- CreateCustomExamPreparationSession -->
