<?xml version="1.0" encoding="UTF-8"?>
<!-- Generated by org.testng.reporters.JUnitXMLReporter -->
<testsuite hostname="LAPTOP-S7S335L6" ignored="0" name="Test" tests="2" failures="0" timestamp="04 Jun 2019 21:10:01 GMT" time="46.543" errors="0">
  <testcase name="login" time="5.865" classname="com.amboss.qaassignment.CreateExamPreparationSession"/>
  <testcase name="newExamPreparationSession" time="21.832" classname="com.amboss.qaassignment.CreateExamPreparationSession"/>
</testsuite> <!-- Test -->
