<?xml version="1.0" encoding="UTF-8"?>
<testng-results skipped="0" failed="0" ignored="0" total="2" passed="2">
  <reporter-output>
  </reporter-output>
  <suite name="Suite" duration-ms="59926" started-at="2019-06-05T20:47:11Z" finished-at="2019-06-05T20:48:11Z">
    <groups>
    </groups>
    <test name="CreateExamSession" duration-ms="36393" started-at="2019-06-05T20:47:11Z" finished-at="2019-06-05T20:47:47Z">
      <class name="com.amboss.qaassignment.CreateExamPreparationSession">
        <test-method status="PASS" signature="setUp()[pri:0, instance:com.amboss.qaassignment.CreateExamPreparationSession@54a097cc]" name="setUp" is-config="true" duration-ms="14145" started-at="2019-06-05T20:47:11Z" finished-at="2019-06-05T20:47:25Z">
          <reporter-output>
          </reporter-output>
        </test-method> <!-- setUp -->
        <test-method status="PASS" signature="newExamPreparationSession()[pri:0, instance:com.amboss.qaassignment.CreateExamPreparationSession@54a097cc]" name="newExamPreparationSession" duration-ms="21484" started-at="2019-06-05T20:47:25Z" finished-at="2019-06-05T20:47:47Z">
          <reporter-output>
          </reporter-output>
        </test-method> <!-- newExamPreparationSession -->
        <test-method status="PASS" signature="tearDown()[pri:0, instance:com.amboss.qaassignment.CreateExamPreparationSession@54a097cc]" name="tearDown" is-config="true" duration-ms="739" started-at="2019-06-05T20:47:47Z" finished-at="2019-06-05T20:47:47Z">
          <reporter-output>
          </reporter-output>
        </test-method> <!-- tearDown -->
      </class> <!-- com.amboss.qaassignment.CreateExamPreparationSession -->
    </test> <!-- CreateExamSession -->
    <test name="CreateCustomSession" duration-ms="23451" started-at="2019-06-05T20:47:47Z" finished-at="2019-06-05T20:48:11Z">
      <class name="com.amboss.qaassignment.CustomSession">
        <test-method status="PASS" signature="setUp()[pri:0, instance:com.amboss.qaassignment.CustomSession@2669b199]" name="setUp" is-config="true" duration-ms="12844" started-at="2019-06-05T20:47:47Z" finished-at="2019-06-05T20:48:00Z">
          <reporter-output>
          </reporter-output>
        </test-method> <!-- setUp -->
        <test-method status="PASS" signature="createNewSession()[pri:0, instance:com.amboss.qaassignment.CustomSession@2669b199]" name="createNewSession" duration-ms="9919" started-at="2019-06-05T20:48:00Z" finished-at="2019-06-05T20:48:10Z">
          <reporter-output>
          </reporter-output>
        </test-method> <!-- createNewSession -->
        <test-method status="PASS" signature="tearDown()[pri:0, instance:com.amboss.qaassignment.CustomSession@2669b199]" name="tearDown" is-config="true" duration-ms="688" started-at="2019-06-05T20:48:10Z" finished-at="2019-06-05T20:48:11Z">
          <reporter-output>
          </reporter-output>
        </test-method> <!-- tearDown -->
      </class> <!-- com.amboss.qaassignment.CustomSession -->
    </test> <!-- CreateCustomSession -->
  </suite> <!-- Suite -->
</testng-results>
